[2025-10-25 13:25:08] API: GET /api/simulator/list - STATUS: 200
[2025-10-25 13:25:11] API: GET /api/simulator/espocrm/versions - STATUS: 200
[2025-10-25 13:25:17] API: POST /api/public-build/vm/create - STATUS: 200
[2025-10-25 13:25:17] API: GET /api/public-build/events/jb-84bfb3af-f1ab-47a1-9590-563c84b7a87a - STATUS: 200
[2025-10-25 13:25:48] API: GET /api/simulator/list - STATUS: 200
[2025-10-25 13:25:50] API: GET /api/simulator/espocrm/versions - STATUS: 200
[2025-10-25 13:25:52] API: POST /api/public-build/vm/create - STATUS: 200
[2025-10-25 13:25:52] API: GET /api/public-build/events/jb-03bbf888-8aea-432d-9d36-07d368ca13db - STATUS: 200
[2025-10-25 13:25:52] API: POST /api/public-build/vm/03bbf888-8aea-432d-9d36-07d368ca13db/setup-root-password - STATUS: 405
[2025-10-25 13:27:04] API: GET /api/simulator/list - STATUS: 200
[2025-10-25 13:27:08] API: GET /api/simulator/espocrm/versions - STATUS: 200
[2025-10-25 13:27:09] API: POST /api/public-build/vm/create - STATUS: 200
[2025-10-25 13:27:09] API: GET /api/public-build/events/jb-a784611e-ffb9-4d03-85d1-a8a8ece16021 - STATUS: 200
[2025-10-25 13:27:09] API: POST /api/public-build/vm/a784611e-ffb9-4d03-85d1-a8a8ece16021/setup-root-access - STATUS: 200
[2025-10-25 13:27:10] API: GET /api/gitea/simulators - STATUS: 200
[2025-10-25 13:27:16] API: POST /api/env/1c6fe739-0d1c-4a02-8924-4f77514e9b27/heartbeat - ERROR: request failed after retries
[2025-10-25 13:27:46] API: POST /api/env/1c6fe739-0d1c-4a02-8924-4f77514e9b27/heartbeat - ERROR: request failed after retries
[2025-10-25 13:28:16] API: POST /api/env/1c6fe739-0d1c-4a02-8924-4f77514e9b27/heartbeat - ERROR: request failed after retries
[2025-10-25 13:28:46] API: POST /api/env/1c6fe739-0d1c-4a02-8924-4f77514e9b27/heartbeat - ERROR: request failed after retries
[2025-10-25 13:29:16] API: POST /api/env/1c6fe739-0d1c-4a02-8924-4f77514e9b27/heartbeat - ERROR: request failed after retries
[2025-10-25 13:29:46] API: POST /api/env/1c6fe739-0d1c-4a02-8924-4f77514e9b27/heartbeat - ERROR: request failed after retries
[2025-10-25 13:30:16] API: POST /api/env/1c6fe739-0d1c-4a02-8924-4f77514e9b27/heartbeat - ERROR: request failed after retries
[2025-10-25 13:30:46] API: POST /api/env/1c6fe739-0d1c-4a02-8924-4f77514e9b27/heartbeat - ERROR: request failed after retries
[2025-10-25 13:31:16] API: POST /api/env/1c6fe739-0d1c-4a02-8924-4f77514e9b27/heartbeat - ERROR: request failed after retries
[2025-10-25 13:31:46] API: POST /api/env/1c6fe739-0d1c-4a02-8924-4f77514e9b27/heartbeat - ERROR: request failed after retries
[2025-10-25 13:32:16] API: POST /api/env/1c6fe739-0d1c-4a02-8924-4f77514e9b27/heartbeat - ERROR: request failed after retries
[2025-10-25 13:32:46] API: POST /api/env/1c6fe739-0d1c-4a02-8924-4f77514e9b27/heartbeat - ERROR: request failed after retries
[2025-10-25 13:33:16] API: POST /api/env/1c6fe739-0d1c-4a02-8924-4f77514e9b27/heartbeat - ERROR: request failed after retries
[2025-10-25 13:33:46] API: POST /api/env/1c6fe739-0d1c-4a02-8924-4f77514e9b27/heartbeat - ERROR: request failed after retries
[2025-10-25 13:34:16] API: POST /api/env/1c6fe739-0d1c-4a02-8924-4f77514e9b27/heartbeat - ERROR: request failed after retries
[2025-10-25 13:34:46] API: POST /api/env/1c6fe739-0d1c-4a02-8924-4f77514e9b27/heartbeat - ERROR: request failed after retries
[2025-10-25 13:35:16] API: POST /api/env/1c6fe739-0d1c-4a02-8924-4f77514e9b27/heartbeat - ERROR: request failed after retries
[2025-10-25 13:35:46] API: POST /api/env/1c6fe739-0d1c-4a02-8924-4f77514e9b27/heartbeat - ERROR: request failed after retries
[2025-10-25 13:36:16] API: POST /api/env/1c6fe739-0d1c-4a02-8924-4f77514e9b27/heartbeat - ERROR: request failed after retries
[2025-10-25 13:36:46] API: POST /api/env/1c6fe739-0d1c-4a02-8924-4f77514e9b27/heartbeat - ERROR: request failed after retries
[2025-10-25 13:37:16] API: POST /api/env/1c6fe739-0d1c-4a02-8924-4f77514e9b27/heartbeat - ERROR: request failed after retries
[2025-10-25 13:37:46] API: POST /api/env/1c6fe739-0d1c-4a02-8924-4f77514e9b27/heartbeat - ERROR: request failed after retries
[2025-10-25 13:38:16] API: POST /api/env/1c6fe739-0d1c-4a02-8924-4f77514e9b27/heartbeat - ERROR: request failed after retries
[2025-10-25 13:38:46] API: POST /api/env/1c6fe739-0d1c-4a02-8924-4f77514e9b27/heartbeat - ERROR: request failed after retries
[2025-10-25 13:39:16] API: POST /api/env/1c6fe739-0d1c-4a02-8924-4f77514e9b27/heartbeat - ERROR: request failed after retries
[2025-10-25 13:39:46] API: POST /api/env/1c6fe739-0d1c-4a02-8924-4f77514e9b27/heartbeat - ERROR: request failed after retries
[2025-10-25 13:40:16] API: POST /api/env/1c6fe739-0d1c-4a02-8924-4f77514e9b27/heartbeat - ERROR: request failed after retries
[2025-10-25 13:40:46] API: POST /api/env/1c6fe739-0d1c-4a02-8924-4f77514e9b27/heartbeat - ERROR: request failed after retries
[2025-10-25 13:41:16] API: POST /api/env/1c6fe739-0d1c-4a02-8924-4f77514e9b27/heartbeat - ERROR: request failed after retries
[2025-10-25 13:41:46] API: POST /api/env/1c6fe739-0d1c-4a02-8924-4f77514e9b27/heartbeat - ERROR: request failed after retries
[2025-10-25 13:42:16] API: POST /api/env/1c6fe739-0d1c-4a02-8924-4f77514e9b27/heartbeat - ERROR: request failed after retries
[2025-10-25 13:42:46] API: POST /api/env/1c6fe739-0d1c-4a02-8924-4f77514e9b27/heartbeat - ERROR: request failed after retries
[2025-10-25 13:43:16] API: POST /api/env/1c6fe739-0d1c-4a02-8924-4f77514e9b27/heartbeat - ERROR: request failed after retries
[2025-10-25 13:43:46] API: POST /api/env/1c6fe739-0d1c-4a02-8924-4f77514e9b27/heartbeat - ERROR: request failed after retries
[2025-10-25 13:44:16] API: POST /api/env/1c6fe739-0d1c-4a02-8924-4f77514e9b27/heartbeat - ERROR: request failed after retries
[2025-10-25 13:44:46] API: POST /api/env/1c6fe739-0d1c-4a02-8924-4f77514e9b27/heartbeat - ERROR: request failed after retries
[2025-10-25 13:45:16] API: POST /api/env/1c6fe739-0d1c-4a02-8924-4f77514e9b27/heartbeat - ERROR: request failed after retries
[2025-10-25 13:45:46] API: POST /api/env/1c6fe739-0d1c-4a02-8924-4f77514e9b27/heartbeat - ERROR: request failed after retries
[2025-10-25 13:46:16] API: POST /api/env/1c6fe739-0d1c-4a02-8924-4f77514e9b27/heartbeat - ERROR: request failed after retries
[2025-10-25 13:46:46] API: POST /api/env/1c6fe739-0d1c-4a02-8924-4f77514e9b27/heartbeat - ERROR: request failed after retries
[2025-10-25 13:47:16] API: POST /api/env/1c6fe739-0d1c-4a02-8924-4f77514e9b27/heartbeat - ERROR: request failed after retries
[2025-10-25 13:47:46] API: POST /api/env/1c6fe739-0d1c-4a02-8924-4f77514e9b27/heartbeat - ERROR: request failed after retries
[2025-10-25 13:48:16] API: POST /api/env/1c6fe739-0d1c-4a02-8924-4f77514e9b27/heartbeat - ERROR: request failed after retries
[2025-10-25 13:54:59] API: POST /api/env/1c6fe739-0d1c-4a02-8924-4f77514e9b27/heartbeat - STATUS: 200
[2025-10-25 13:55:27] API: POST /api/env/1c6fe739-0d1c-4a02-8924-4f77514e9b27/heartbeat - STATUS: 200
[2025-10-26 16:23:51] API: GET /api/simulator/list - STATUS: 200
[2025-10-26 16:23:57] API: GET /api/simulator/espocrm/versions - STATUS: 200
[2025-10-26 16:23:58] API: POST /api/public-build/vm/create - STATUS: 200
[2025-10-26 16:23:58] API: GET /api/public-build/events/jb-a8344ba2-021a-46db-b152-876e5dc9864c - STATUS: 200
[2025-10-26 16:23:59] API: POST /api/public-build/vm/a8344ba2-021a-46db-b152-876e5dc9864c/setup-root-access - STATUS: 200
[2025-10-26 16:24:00] API: GET /api/gitea/simulators - STATUS: 200
[2025-10-26 16:24:06] API: POST /api/env/72ab781b-6d28-44e6-a7b6-2a461c8f9b1f/heartbeat - ERROR: request failed after retries
[2025-10-26 16:24:12] ❌ Dataset 'blank' not found in plato-config.yml
[2025-10-26 16:24:14] ❌ Dataset 'blank' not found in plato-config.yml
[2025-10-26 16:24:32] API: DELETE /api/public-build/vm/a8344ba2-021a-46db-b152-876e5dc9864c - STATUS: 200
[2025-10-26 17:07:42] API: GET /api/simulator/list - STATUS: 200
[2025-10-26 17:07:44] API: GET /api/simulator/espocrm/versions - STATUS: 200
[2025-10-26 17:07:47] API: POST /api/public-build/vm/create - STATUS: 422
[2025-10-26 17:09:23] API: GET /api/simulator/list - STATUS: 200
[2025-10-26 17:09:25] API: GET /api/simulator/espocrm/versions - STATUS: 200
[2025-10-26 17:09:26] API: POST /api/public-build/vm/create - STATUS: 200
[2025-10-26 17:09:26] API: GET /api/public-build/events/jb-412bd90f-11d8-4506-864c-cedc9fcd4e70 - STATUS: 200
[2025-10-26 17:09:26] API: POST /api/public-build/vm/412bd90f-11d8-4506-864c-cedc9fcd4e70/setup-root-access - STATUS: 200
[2025-10-26 17:09:27] API: GET /api/gitea/simulators - STATUS: 200
[2025-10-26 17:09:33] API: DELETE /api/public-build/vm/412bd90f-11d8-4506-864c-cedc9fcd4e70 - STATUS: 200
