[2025-10-24 04:03:28] API: GET /api/simulator/list - STATUS: 200
[2025-10-24 04:03:31] API: GET /api/simulator/odooemployees/versions - STATUS: 200
[2025-10-24 04:03:32] API: POST /api/public-build/vm/create - STATUS: 200
[2025-10-24 04:03:32] API: GET /api/public-build/events/jb-460429a8-d361-4c47-84d8-8b7c8a036835 - STATUS: 200
[2025-10-24 04:03:32] API: POST /api/public-build/vm/460429a8-d361-4c47-84d8-8b7c8a036835/setup-root-password - STATUS: 200
[2025-10-24 04:03:34] API: POST /api/env/e0b5ebba-8aae-46cb-b970-fad6b2b1be0f/heartbeat - STATUS: 200
[2025-10-24 04:03:36] API: POST /api/public-build/vm/460429a8-d361-4c47-84d8-8b7c8a036835/snapshot - STATUS: 200
[2025-10-24 04:03:45] API: DELETE /api/public-build/vm/460429a8-d361-4c47-84d8-8b7c8a036835 - STATUS: 200
[2025-10-24 04:04:00] API: GET /api/simulator/list - STATUS: 200
[2025-10-24 04:04:04] API: GET /api/simulator/invoiceninja/versions - STATUS: 200
[2025-10-24 04:04:09] API: POST /api/public-build/vm/create - STATUS: 200
[2025-10-24 04:04:09] API: GET /api/public-build/events/jb-5d4d99b8-e664-4169-bfc5-d37f2c8e6916 - STATUS: 200
[2025-10-24 04:04:09] API: POST /api/public-build/vm/5d4d99b8-e664-4169-bfc5-d37f2c8e6916/setup-root-password - STATUS: 200
[2025-10-24 04:04:10] API: POST /api/env/095c0f6c-7a57-42c4-a8aa-de1d2beae07a/heartbeat - STATUS: 200
[2025-10-24 04:04:14] API: POST /api/env/095c0f6c-7a57-42c4-a8aa-de1d2beae07a/heartbeat - STATUS: 200
[2025-10-24 04:04:40] API: POST /api/env/095c0f6c-7a57-42c4-a8aa-de1d2beae07a/heartbeat - STATUS: 200
[2025-10-24 04:04:43] API: POST /api/env/095c0f6c-7a57-42c4-a8aa-de1d2beae07a/heartbeat - STATUS: 200
[2025-10-24 04:05:10] API: POST /api/env/095c0f6c-7a57-42c4-a8aa-de1d2beae07a/heartbeat - STATUS: 200
[2025-10-24 04:05:14] API: POST /api/env/095c0f6c-7a57-42c4-a8aa-de1d2beae07a/heartbeat - STATUS: 200
[2025-10-24 04:05:40] API: POST /api/env/095c0f6c-7a57-42c4-a8aa-de1d2beae07a/heartbeat - STATUS: 200
[2025-10-24 04:05:44] API: POST /api/env/095c0f6c-7a57-42c4-a8aa-de1d2beae07a/heartbeat - STATUS: 200
[2025-10-24 04:05:49] API: DELETE /api/public-build/vm/5d4d99b8-e664-4169-bfc5-d37f2c8e6916 - STATUS: 200
[2025-10-24 04:16:47] API: GET /api/simulator/list - STATUS: 200
[2025-10-24 04:16:49] API: GET /api/simulator/invoiceninja/versions - STATUS: 200
[2025-10-24 04:16:51] API: POST /api/public-build/vm/create - STATUS: 200
[2025-10-24 04:16:51] API: GET /api/public-build/events/jb-19e05e21-57d6-47d9-8ebb-969eecb627b5 - STATUS: 200
[2025-10-24 04:16:51] API: POST /api/public-build/vm/19e05e21-57d6-47d9-8ebb-969eecb627b5/setup-root-password - STATUS: 200
[2025-10-24 04:16:52] API: POST /api/env/c0dd1367-5769-4a1c-8441-2991aeb21309/heartbeat - STATUS: 200
[2025-10-24 04:17:22] API: POST /api/env/c0dd1367-5769-4a1c-8441-2991aeb21309/heartbeat - STATUS: 200
[2025-10-24 04:17:52] API: POST /api/env/c0dd1367-5769-4a1c-8441-2991aeb21309/heartbeat - STATUS: 200
[2025-10-24 04:18:16] API: GET /api/simulator/list - STATUS: 200
[2025-10-24 04:18:19] API: GET /api/simulator/invoiceninja/versions - STATUS: 200
[2025-10-24 04:18:21] API: POST /api/public-build/vm/create - STATUS: 200
[2025-10-24 04:18:21] API: GET /api/public-build/events/jb-07c517b8-6625-4773-8568-9abfa1ef1310 - STATUS: 200
[2025-10-24 04:18:21] API: POST /api/public-build/vm/07c517b8-6625-4773-8568-9abfa1ef1310/setup-root-password - STATUS: 200
[2025-10-24 04:18:22] API: POST /api/env/e1d3f5d0-9fe9-4bd2-a061-3ca75251ce64/heartbeat - STATUS: 200
[2025-10-24 04:18:52] API: POST /api/env/e1d3f5d0-9fe9-4bd2-a061-3ca75251ce64/heartbeat - STATUS: 200
[2025-10-24 04:19:22] API: POST /api/env/e1d3f5d0-9fe9-4bd2-a061-3ca75251ce64/heartbeat - STATUS: 200
[2025-10-24 04:19:52] API: POST /api/env/e1d3f5d0-9fe9-4bd2-a061-3ca75251ce64/heartbeat - STATUS: 200
[2025-10-24 04:20:22] API: POST /api/env/e1d3f5d0-9fe9-4bd2-a061-3ca75251ce64/heartbeat - STATUS: 200
[2025-10-24 04:22:34] API: GET /api/simulator/list - STATUS: 200
[2025-10-24 04:22:37] API: GET /api/simulator/invoiceninja/versions - STATUS: 200
[2025-10-24 04:22:38] API: POST /api/public-build/vm/create - STATUS: 200
[2025-10-24 04:22:38] API: GET /api/public-build/events/jb-778ed876-e067-44c7-bb4a-209c66ae176a - STATUS: 200
[2025-10-24 04:22:38] API: POST /api/public-build/vm/778ed876-e067-44c7-bb4a-209c66ae176a/setup-root-password - STATUS: 200
[2025-10-24 04:22:39] API: POST /api/env/57fb0734-eb6a-48d4-9efd-cb29e5d9e623/heartbeat - STATUS: 200
[2025-10-24 04:22:50] API: DELETE /api/public-build/vm/778ed876-e067-44c7-bb4a-209c66ae176a - STATUS: 200
[2025-10-24 04:26:50] API: GET /api/simulator/list - STATUS: 200
[2025-10-24 04:26:52] API: GET /api/simulator/invoiceninja/versions - STATUS: 200
[2025-10-24 04:26:53] API: POST /api/public-build/vm/create - STATUS: 200
[2025-10-24 04:26:53] API: GET /api/public-build/events/jb-9b323788-1438-4c1a-ae5c-18cfb57ba3e9 - STATUS: 200
[2025-10-24 04:26:54] API: POST /api/public-build/vm/9b323788-1438-4c1a-ae5c-18cfb57ba3e9/setup-root-password - STATUS: 200
[2025-10-24 04:26:55] API: POST /api/env/b3097427-7a58-465e-b461-2aa2f88b88da/heartbeat - STATUS: 200
[2025-10-24 04:27:26] API: POST /api/env/b3097427-7a58-465e-b461-2aa2f88b88da/heartbeat - STATUS: 200
[2025-10-24 04:27:55] API: POST /api/env/b3097427-7a58-465e-b461-2aa2f88b88da/heartbeat - STATUS: 200
[2025-10-24 04:28:26] API: POST /api/env/b3097427-7a58-465e-b461-2aa2f88b88da/heartbeat - STATUS: 200
[2025-10-24 04:28:52] API: POST /api/public-build/vm/9b323788-1438-4c1a-ae5c-18cfb57ba3e9/snapshot - STATUS: 200
[2025-10-24 04:29:12] API: POST /api/env/b3097427-7a58-465e-b461-2aa2f88b88da/heartbeat - STATUS: 200
[2025-10-24 04:29:25] API: POST /api/env/b3097427-7a58-465e-b461-2aa2f88b88da/heartbeat - STATUS: 200
[2025-10-24 04:29:55] API: POST /api/env/b3097427-7a58-465e-b461-2aa2f88b88da/heartbeat - STATUS: 200
[2025-10-24 04:30:25] API: POST /api/env/b3097427-7a58-465e-b461-2aa2f88b88da/heartbeat - STATUS: 200
[2025-10-24 04:30:55] API: POST /api/env/b3097427-7a58-465e-b461-2aa2f88b88da/heartbeat - STATUS: 200
[2025-10-24 04:31:04] API: DELETE /api/public-build/vm/9b323788-1438-4c1a-ae5c-18cfb57ba3e9 - STATUS: 200
[2025-10-24 04:51:26] API: GET /api/simulator/list - STATUS: 200
[2025-10-24 04:51:32] API: GET /api/simulator/list - STATUS: 200
[2025-10-24 04:51:37] API: GET /api/simulator/list - STATUS: 200
[2025-10-24 04:51:44] API: GET /api/simulator/odooemployees/versions - STATUS: 200
[2025-10-24 04:53:07] API: GET /api/simulator/list - STATUS: 200
[2025-10-24 04:53:11] API: POST /api/public-build/vm/create - STATUS: 200
[2025-10-24 04:53:11] API: GET /api/public-build/events/jb-2a5972ea-071e-430e-a2bf-d1889acffc65 - STATUS: 200
[2025-10-24 04:53:21] API: GET /api/simulator/list - STATUS: 200
[2025-10-24 04:53:23] API: GET /api/simulator/invoiceninja/versions - STATUS: 200
[2025-10-24 04:53:28] API: POST /api/public-build/vm/create - STATUS: 200
[2025-10-24 04:53:28] API: GET /api/public-build/events/jb-0f8e1941-df66-4eb5-b446-de355e263c85 - STATUS: 200
[2025-10-24 04:53:28] API: POST /api/public-build/vm/0f8e1941-df66-4eb5-b446-de355e263c85/setup-root-password - STATUS: 200
[2025-10-24 04:53:29] API: POST /api/env/17779dc1-5954-467e-83c8-d54acd4bb09b/heartbeat - STATUS: 200
[2025-10-24 05:00:02] API: GET /api/simulator/list - STATUS: 200
[2025-10-24 05:00:05] API: GET /api/simulator/invoiceninja/versions - STATUS: 200
[2025-10-24 05:00:06] API: POST /api/public-build/vm/create - STATUS: 200
[2025-10-24 05:00:06] API: GET /api/public-build/events/jb-fe4c6e3d-f688-45ab-9643-31c8ab07771e - STATUS: 200
[2025-10-24 05:00:06] API: POST /api/public-build/vm/fe4c6e3d-f688-45ab-9643-31c8ab07771e/setup-root-password - STATUS: 200
[2025-10-24 05:00:07] API: POST /api/env/ee23114a-ed96-43aa-9806-9bd549fd0ed2/heartbeat - STATUS: 200
[2025-10-24 05:00:37] API: POST /api/env/ee23114a-ed96-43aa-9806-9bd549fd0ed2/heartbeat - STATUS: 200
[2025-10-24 05:01:07] API: POST /api/env/ee23114a-ed96-43aa-9806-9bd549fd0ed2/heartbeat - STATUS: 200
[2025-10-24 05:01:37] API: POST /api/env/ee23114a-ed96-43aa-9806-9bd549fd0ed2/heartbeat - STATUS: 200
[2025-10-24 05:01:58] API: GET /api/env/ee23114a-ed96-43aa-9806-9bd549fd0ed2/state - STATUS: 200
[2025-10-24 05:01:58] API: POST /api/public-build/vm/fe4c6e3d-f688-45ab-9643-31c8ab07771e/snapshot - STATUS: 200
[2025-10-24 05:02:07] API: POST /api/env/ee23114a-ed96-43aa-9806-9bd549fd0ed2/heartbeat - STATUS: 200
[2025-10-24 05:02:37] API: POST /api/env/ee23114a-ed96-43aa-9806-9bd549fd0ed2/heartbeat - STATUS: 200
[2025-10-24 05:03:07] API: POST /api/env/ee23114a-ed96-43aa-9806-9bd549fd0ed2/heartbeat - STATUS: 200
[2025-10-24 05:03:37] API: POST /api/env/ee23114a-ed96-43aa-9806-9bd549fd0ed2/heartbeat - STATUS: 200
[2025-10-24 05:04:07] API: POST /api/env/ee23114a-ed96-43aa-9806-9bd549fd0ed2/heartbeat - STATUS: 200
[2025-10-24 05:04:35] API: DELETE /api/public-build/vm/fe4c6e3d-f688-45ab-9643-31c8ab07771e - STATUS: 200
[2025-10-24 05:04:42] API: GET /api/simulator/list - STATUS: 200
[2025-10-24 05:04:44] API: GET /api/simulator/invoiceninja/versions - STATUS: 200
[2025-10-24 05:04:47] API: POST /api/public-build/vm/create - STATUS: 200
[2025-10-24 05:04:47] API: GET /api/public-build/events/jb-0d6afd17-2798-4b7d-a7b2-aba9c39b34c3 - STATUS: 200
[2025-10-24 05:04:47] API: POST /api/public-build/vm/0d6afd17-2798-4b7d-a7b2-aba9c39b34c3/setup-root-password - STATUS: 200
[2025-10-24 05:04:48] API: POST /api/env/e301a21c-8043-4d44-84d7-e07ea251e7d6/heartbeat - STATUS: 200
[2025-10-24 05:05:18] API: POST /api/env/e301a21c-8043-4d44-84d7-e07ea251e7d6/heartbeat - STATUS: 200
[2025-10-24 05:05:45] API: GET /api/env/e301a21c-8043-4d44-84d7-e07ea251e7d6/state - STATUS: 200
[2025-10-24 05:05:45] API: POST /api/public-build/vm/0d6afd17-2798-4b7d-a7b2-aba9c39b34c3/snapshot - STATUS: 200
[2025-10-24 05:05:50] API: POST /api/env/e301a21c-8043-4d44-84d7-e07ea251e7d6/heartbeat - STATUS: 200
[2025-10-24 05:06:18] API: POST /api/env/e301a21c-8043-4d44-84d7-e07ea251e7d6/heartbeat - STATUS: 200
[2025-10-24 05:06:48] API: POST /api/env/e301a21c-8043-4d44-84d7-e07ea251e7d6/heartbeat - STATUS: 200
[2025-10-24 05:07:18] API: POST /api/env/e301a21c-8043-4d44-84d7-e07ea251e7d6/heartbeat - STATUS: 200
[2025-10-24 05:07:48] API: POST /api/env/e301a21c-8043-4d44-84d7-e07ea251e7d6/heartbeat - STATUS: 200
[2025-10-24 05:08:16] API: DELETE /api/public-build/vm/0d6afd17-2798-4b7d-a7b2-aba9c39b34c3 - STATUS: 200
[2025-10-24 05:08:26] API: GET /api/simulator/list - STATUS: 200
[2025-10-24 05:08:28] API: GET /api/simulator/invoiceninja/versions - STATUS: 200
[2025-10-24 05:08:29] API: POST /api/public-build/vm/create - STATUS: 200
[2025-10-24 05:08:29] API: GET /api/public-build/events/jb-e2adb130-b9fe-4557-a4c4-8b1e664f9c0f - STATUS: 200
[2025-10-24 05:08:29] API: POST /api/public-build/vm/e2adb130-b9fe-4557-a4c4-8b1e664f9c0f/setup-root-password - STATUS: 200
[2025-10-24 05:08:32] API: DELETE /api/public-build/vm/e2adb130-b9fe-4557-a4c4-8b1e664f9c0f - STATUS: 200
[2025-10-24 05:08:42] API: GET /api/simulator/list - STATUS: 200
[2025-10-24 05:08:45] API: GET /api/simulator/invoiceninja/versions - STATUS: 200
[2025-10-24 05:08:45] API: POST /api/public-build/vm/create - STATUS: 200
[2025-10-24 05:08:45] API: GET /api/public-build/events/jb-0b351fd1-b523-478b-9b7d-365b1222b52a - STATUS: 200
[2025-10-24 05:09:25] API: GET /api/simulator/list - STATUS: 200
[2025-10-24 05:09:27] API: GET /api/simulator/invoiceninja/versions - STATUS: 200
[2025-10-24 05:09:28] API: POST /api/public-build/vm/create - STATUS: 200
[2025-10-24 05:09:28] API: GET /api/public-build/events/jb-a18bd22d-834b-441c-b9ba-3347c9611dc2 - STATUS: 200
[2025-10-24 05:11:30] API: GET /api/simulator/list - STATUS: 200
[2025-10-24 05:11:33] API: GET /api/simulator/invoiceninja/versions - STATUS: 200
[2025-10-24 05:11:33] API: POST /api/public-build/vm/create - STATUS: 200
[2025-10-24 05:11:33] API: GET /api/public-build/events/jb-d52424b1-d9be-45a9-93e2-51ee50251af6 - STATUS: 200
[2025-10-24 05:11:34] API: POST /api/public-build/vm/d52424b1-d9be-45a9-93e2-51ee50251af6/setup-root-password - STATUS: 200
[2025-10-24 05:11:35] API: POST /api/env/ba2d30cc-bb60-465d-baf5-5a0edc8fc61f/heartbeat - STATUS: 200
[2025-10-24 05:12:05] API: POST /api/env/ba2d30cc-bb60-465d-baf5-5a0edc8fc61f/heartbeat - STATUS: 200
[2025-10-24 05:12:35] API: POST /api/env/ba2d30cc-bb60-465d-baf5-5a0edc8fc61f/heartbeat - STATUS: 200
[2025-10-24 05:13:05] API: POST /api/env/ba2d30cc-bb60-465d-baf5-5a0edc8fc61f/heartbeat - STATUS: 200
[2025-10-24 05:13:35] API: POST /api/env/ba2d30cc-bb60-465d-baf5-5a0edc8fc61f/heartbeat - STATUS: 200
[2025-10-24 05:14:05] API: POST /api/env/ba2d30cc-bb60-465d-baf5-5a0edc8fc61f/heartbeat - STATUS: 200
[2025-10-24 05:14:35] API: POST /api/env/ba2d30cc-bb60-465d-baf5-5a0edc8fc61f/heartbeat - STATUS: 200
[2025-10-24 05:15:05] API: POST /api/env/ba2d30cc-bb60-465d-baf5-5a0edc8fc61f/heartbeat - STATUS: 200
[2025-10-24 05:15:35] API: POST /api/env/ba2d30cc-bb60-465d-baf5-5a0edc8fc61f/heartbeat - STATUS: 200
[2025-10-24 05:16:05] API: POST /api/env/ba2d30cc-bb60-465d-baf5-5a0edc8fc61f/heartbeat - STATUS: 200
[2025-10-24 05:16:35] API: POST /api/env/ba2d30cc-bb60-465d-baf5-5a0edc8fc61f/heartbeat - STATUS: 200
[2025-10-24 05:17:05] API: POST /api/env/ba2d30cc-bb60-465d-baf5-5a0edc8fc61f/heartbeat - STATUS: 200
[2025-10-24 05:17:35] API: POST /api/env/ba2d30cc-bb60-465d-baf5-5a0edc8fc61f/heartbeat - STATUS: 200
[2025-10-24 05:18:05] API: POST /api/env/ba2d30cc-bb60-465d-baf5-5a0edc8fc61f/heartbeat - STATUS: 200
[2025-10-24 05:18:35] API: POST /api/env/ba2d30cc-bb60-465d-baf5-5a0edc8fc61f/heartbeat - STATUS: 200
[2025-10-24 05:19:05] API: POST /api/env/ba2d30cc-bb60-465d-baf5-5a0edc8fc61f/heartbeat - STATUS: 200
[2025-10-24 05:19:35] API: POST /api/env/ba2d30cc-bb60-465d-baf5-5a0edc8fc61f/heartbeat - STATUS: 200
[2025-10-24 05:20:05] API: POST /api/env/ba2d30cc-bb60-465d-baf5-5a0edc8fc61f/heartbeat - STATUS: 200
[2025-10-24 05:20:35] API: POST /api/env/ba2d30cc-bb60-465d-baf5-5a0edc8fc61f/heartbeat - STATUS: 200
[2025-10-24 05:21:05] API: POST /api/env/ba2d30cc-bb60-465d-baf5-5a0edc8fc61f/heartbeat - STATUS: 200
[2025-10-24 05:21:35] API: POST /api/env/ba2d30cc-bb60-465d-baf5-5a0edc8fc61f/heartbeat - STATUS: 200
[2025-10-24 05:22:05] API: POST /api/env/ba2d30cc-bb60-465d-baf5-5a0edc8fc61f/heartbeat - STATUS: 200
[2025-10-24 05:22:35] API: POST /api/env/ba2d30cc-bb60-465d-baf5-5a0edc8fc61f/heartbeat - STATUS: 200
[2025-10-24 05:23:05] API: POST /api/env/ba2d30cc-bb60-465d-baf5-5a0edc8fc61f/heartbeat - STATUS: 200
[2025-10-24 05:23:35] API: POST /api/env/ba2d30cc-bb60-465d-baf5-5a0edc8fc61f/heartbeat - STATUS: 200
[2025-10-24 05:23:59] API: GET /api/env/ba2d30cc-bb60-465d-baf5-5a0edc8fc61f/state - STATUS: 200
[2025-10-24 05:23:59] API: POST /api/public-build/vm/d52424b1-d9be-45a9-93e2-51ee50251af6/snapshot - STATUS: 200
[2025-10-24 05:24:05] API: POST /api/env/ba2d30cc-bb60-465d-baf5-5a0edc8fc61f/heartbeat - STATUS: 200
[2025-10-24 05:24:35] API: POST /api/env/ba2d30cc-bb60-465d-baf5-5a0edc8fc61f/heartbeat - STATUS: 200
[2025-10-24 05:25:05] API: POST /api/env/ba2d30cc-bb60-465d-baf5-5a0edc8fc61f/heartbeat - STATUS: 200
[2025-10-24 05:25:35] API: POST /api/env/ba2d30cc-bb60-465d-baf5-5a0edc8fc61f/heartbeat - STATUS: 200
[2025-10-24 05:26:05] API: POST /api/env/ba2d30cc-bb60-465d-baf5-5a0edc8fc61f/heartbeat - STATUS: 200
[2025-10-24 05:26:35] API: POST /api/env/ba2d30cc-bb60-465d-baf5-5a0edc8fc61f/heartbeat - STATUS: 200
[2025-10-24 05:27:05] API: POST /api/env/ba2d30cc-bb60-465d-baf5-5a0edc8fc61f/heartbeat - STATUS: 200
[2025-10-24 05:27:35] API: POST /api/env/ba2d30cc-bb60-465d-baf5-5a0edc8fc61f/heartbeat - STATUS: 200
[2025-10-24 05:28:05] API: POST /api/env/ba2d30cc-bb60-465d-baf5-5a0edc8fc61f/heartbeat - STATUS: 200
[2025-10-24 05:28:35] API: POST /api/env/ba2d30cc-bb60-465d-baf5-5a0edc8fc61f/heartbeat - STATUS: 200
[2025-10-24 05:29:05] API: POST /api/env/ba2d30cc-bb60-465d-baf5-5a0edc8fc61f/heartbeat - STATUS: 200
[2025-10-24 05:29:35] API: POST /api/env/ba2d30cc-bb60-465d-baf5-5a0edc8fc61f/heartbeat - STATUS: 200
[2025-10-24 05:30:05] API: POST /api/env/ba2d30cc-bb60-465d-baf5-5a0edc8fc61f/heartbeat - STATUS: 200
[2025-10-24 05:30:35] API: POST /api/env/ba2d30cc-bb60-465d-baf5-5a0edc8fc61f/heartbeat - STATUS: 200
[2025-10-24 05:31:05] API: POST /api/env/ba2d30cc-bb60-465d-baf5-5a0edc8fc61f/heartbeat - STATUS: 200
[2025-10-24 05:31:35] API: POST /api/env/ba2d30cc-bb60-465d-baf5-5a0edc8fc61f/heartbeat - STATUS: 200
[2025-10-24 05:32:05] API: POST /api/env/ba2d30cc-bb60-465d-baf5-5a0edc8fc61f/heartbeat - STATUS: 200
[2025-10-24 05:32:19] API: DELETE /api/public-build/vm/d52424b1-d9be-45a9-93e2-51ee50251af6 - STATUS: 200
[2025-10-24 05:38:31] API: GET /api/simulator/list - STATUS: 200
[2025-10-24 05:38:42] API: GET /api/simulator/odooemployees/versions - STATUS: 200
[2025-10-24 05:38:59] API: POST /api/public-build/vm/create - STATUS: 200
[2025-10-24 05:38:59] API: GET /api/public-build/events/jb-cbd1caac-7783-458b-ad4a-f3e6b34c0d07 - STATUS: 200
[2025-10-24 05:39:21] API: POST /api/public-build/vm/cbd1caac-7783-458b-ad4a-f3e6b34c0d07/setup-root-password - STATUS: 200
[2025-10-24 05:39:22] API: POST /api/env/7083763c-b758-4721-827c-f72c7be78f50/heartbeat - STATUS: 200
[2025-10-24 05:39:52] API: POST /api/env/7083763c-b758-4721-827c-f72c7be78f50/heartbeat - STATUS: 200
[2025-10-24 05:40:22] API: POST /api/env/7083763c-b758-4721-827c-f72c7be78f50/heartbeat - STATUS: 200
[2025-10-24 05:40:52] API: POST /api/env/7083763c-b758-4721-827c-f72c7be78f50/heartbeat - STATUS: 200
[2025-10-24 05:41:22] API: POST /api/env/7083763c-b758-4721-827c-f72c7be78f50/heartbeat - STATUS: 200
[2025-10-24 05:41:52] API: POST /api/env/7083763c-b758-4721-827c-f72c7be78f50/heartbeat - STATUS: 200
[2025-10-24 05:42:22] API: POST /api/env/7083763c-b758-4721-827c-f72c7be78f50/heartbeat - STATUS: 200
[2025-10-24 05:42:52] API: POST /api/env/7083763c-b758-4721-827c-f72c7be78f50/heartbeat - STATUS: 200
[2025-10-24 05:43:22] API: POST /api/env/7083763c-b758-4721-827c-f72c7be78f50/heartbeat - STATUS: 200
[2025-10-24 05:43:52] API: POST /api/env/7083763c-b758-4721-827c-f72c7be78f50/heartbeat - STATUS: 200
